<?xml version="1.0" encoding="UTF-8"?>
<testsuite xmlns:xsi="http://www.w3.org/2001/XMLSchema-instance" xsi:noNamespaceSchemaLocation="https://maven.apache.org/surefire/maven-surefire-plugin/xsd/surefire-test-report.xsd" name="annahnatiuk.AppTest" time="0.121" tests="11" errors="0" skipped="0" failures="0">
  <properties>
[...]
</properties>
  <testcase name="ninetyShouldReturnFive" classname="annahnatiuk.AppTest" time="0.004"/>
  <testcase name="sixtyNineShouldReturnThree" classname="annahnatiuk.AppTest" time="0"/>
  <testcase name="zeroShouldReturnZero" classname="annahnatiuk.AppTest" time="0.001"/>
  <testcase name="fiftyShouldReturnThree" classname="annahnatiuk.AppTest" time="0.001"/>
  <testcase name="negativeOneShouldReturnExeption" classname="annahnatiuk.AppTest" time="0.001"/>
  <testcase name="seventyShouldReturnFour" classname="annahnatiuk.AppTest" time="0"/>
  <testcase name="twentySixShouldReturnZero" classname="annahnatiuk.AppTest" time="0"/>
  <testcase name="fourtyNineShouldReturnTwo" classname="annahnatiuk.AppTest" time="0"/>
  <testcase name="eightySevenShouldReturnFour" classname="annahnatiuk.AppTest" time="0"/>
  <testcase name="twentySevenShouldReturnTwo" classname="annahnatiuk.AppTest" time="0.001"/>
  <testcase name="eightyEightShouldReturnFive" classname="annahnatiuk.AppTest" time="0.001"/>
</testsuite>